{"level":"notice","message":"*** Starting ActionHero ***","timestamp":"actionhero-worker-8 @ 2018-02-23T14:00:09.402Z"}
{"level":"notice","message":"environment: development","timestamp":"actionhero-worker-8 @ 2018-02-23T14:00:09.403Z"}
{"level":"notice","message":"pid: 22468","timestamp":"actionhero-worker-8 @ 2018-02-23T14:00:09.408Z"}
{"level":"notice","message":"server ID: actionhero-worker-8","timestamp":"actionhero-worker-8 @ 2018-02-23T14:00:09.408Z"}
{"level":"info","message":"actionhero member actionhero-worker-8 has joined the cluster","timestamp":"actionhero-worker-8 @ 2018-02-23T14:00:09.412Z"}
{"level":"info","message":"resque scheduler started","timestamp":"actionhero-worker-8 @ 2018-02-23T14:00:09.417Z"}
{"level":"notice","message":"Starting server: `socket` @ localhost:5000","timestamp":"actionhero-worker-8 @ 2018-02-23T14:00:09.420Z"}
{"level":"notice","message":"Starting server: `web` @ 0.0.0.0:8080","timestamp":"actionhero-worker-8 @ 2018-02-23T14:00:09.428Z"}
{"level":"notice","message":"Starting server: `websocket`","timestamp":"actionhero-worker-8 @ 2018-02-23T14:00:09.430Z"}
{"level":"info","message":"I started jwtauth","timestamp":"actionhero-worker-8 @ 2018-02-23T14:00:10.012Z"}
{"level":"alert","message":"*** ActionHero Started ***","timestamp":"actionhero-worker-8 @ 2018-02-23T14:00:10.012Z"}
{"workerId":1,"level":"info","message":"[ worker ] started","timestamp":"actionhero-worker-8 @ 2018-02-23T14:00:10.984Z"}
{"workerId":2,"level":"info","message":"[ worker ] started","timestamp":"actionhero-worker-8 @ 2018-02-23T14:00:11.947Z"}
{"level":"notice","message":"stopping process...","timestamp":"actionhero-worker-8 @ 2018-02-23T14:01:42.240Z"}
{"level":"info","message":"resque scheduler ended","timestamp":"actionhero-worker-8 @ 2018-02-23T14:01:42.242Z"}
{"workerId":1,"level":"info","message":"[ worker ] ended","timestamp":"actionhero-worker-8 @ 2018-02-23T14:01:42.335Z"}
{"workerId":2,"level":"info","message":"[ worker ] ended","timestamp":"actionhero-worker-8 @ 2018-02-23T14:01:42.335Z"}
{"level":"notice","message":"Stopping server: socket","timestamp":"actionhero-worker-8 @ 2018-02-23T14:01:42.742Z"}
{"level":"notice","message":"Stopping server: web","timestamp":"actionhero-worker-8 @ 2018-02-23T14:01:42.743Z"}
{"level":"notice","message":"Stopping server: websocket","timestamp":"actionhero-worker-8 @ 2018-02-23T14:01:42.743Z"}
{"level":"info","message":"I stopped jwtauth","timestamp":"actionhero-worker-8 @ 2018-02-23T14:01:42.744Z"}
{"level":"info","message":"actionhero member actionhero-worker-8 has left the cluster","timestamp":"actionhero-worker-8 @ 2018-02-23T14:01:42.745Z"}
