{"level":"notice","message":"*** Starting ActionHero ***","timestamp":"actionhero-worker-5 @ 2018-02-23T14:00:04.115Z"}
{"level":"notice","message":"environment: development","timestamp":"actionhero-worker-5 @ 2018-02-23T14:00:04.116Z"}
{"level":"notice","message":"pid: 20168","timestamp":"actionhero-worker-5 @ 2018-02-23T14:00:04.120Z"}
{"level":"notice","message":"server ID: actionhero-worker-5","timestamp":"actionhero-worker-5 @ 2018-02-23T14:00:04.120Z"}
{"level":"info","message":"actionhero member actionhero-worker-5 has joined the cluster","timestamp":"actionhero-worker-5 @ 2018-02-23T14:00:04.125Z"}
{"level":"info","message":"resque scheduler started","timestamp":"actionhero-worker-5 @ 2018-02-23T14:00:04.129Z"}
{"level":"notice","message":"Starting server: `socket` @ localhost:5000","timestamp":"actionhero-worker-5 @ 2018-02-23T14:00:04.132Z"}
{"level":"notice","message":"Starting server: `web` @ 0.0.0.0:8080","timestamp":"actionhero-worker-5 @ 2018-02-23T14:00:04.137Z"}
{"level":"notice","message":"Starting server: `websocket`","timestamp":"actionhero-worker-5 @ 2018-02-23T14:00:04.138Z"}
{"level":"info","message":"I started jwtauth","timestamp":"actionhero-worker-5 @ 2018-02-23T14:00:04.870Z"}
{"level":"alert","message":"*** ActionHero Started ***","timestamp":"actionhero-worker-5 @ 2018-02-23T14:00:04.870Z"}
{"workerId":1,"level":"info","message":"[ worker ] started","timestamp":"actionhero-worker-5 @ 2018-02-23T14:00:05.956Z"}
{"level":"info","message":"actionhero member actionhero-worker-6 has joined the cluster","timestamp":"actionhero-worker-5 @ 2018-02-23T14:00:05.979Z"}
{"workerId":2,"level":"info","message":"[ worker ] started","timestamp":"actionhero-worker-5 @ 2018-02-23T14:00:07.022Z"}
{"level":"info","message":"actionhero member actionhero-worker-7 has joined the cluster","timestamp":"actionhero-worker-5 @ 2018-02-23T14:00:07.766Z"}
{"level":"info","message":"actionhero member actionhero-worker-8 has joined the cluster","timestamp":"actionhero-worker-5 @ 2018-02-23T14:00:09.408Z"}
{"level":"info","message":"actionhero member actionhero-worker-8 has left the cluster","timestamp":"actionhero-worker-5 @ 2018-02-23T14:01:42.744Z"}
{"level":"info","message":"actionhero member actionhero-worker-7 has left the cluster","timestamp":"actionhero-worker-5 @ 2018-02-23T14:01:43.267Z"}
{"level":"info","message":"actionhero member actionhero-worker-6 has left the cluster","timestamp":"actionhero-worker-5 @ 2018-02-23T14:01:43.790Z"}
{"level":"notice","message":"stopping process...","timestamp":"actionhero-worker-5 @ 2018-02-23T14:01:43.807Z"}
{"level":"info","message":"resque scheduler ended","timestamp":"actionhero-worker-5 @ 2018-02-23T14:01:43.810Z"}
{"workerId":1,"level":"info","message":"[ worker ] ended","timestamp":"actionhero-worker-5 @ 2018-02-23T14:01:43.838Z"}
{"workerId":2,"level":"info","message":"[ worker ] ended","timestamp":"actionhero-worker-5 @ 2018-02-23T14:01:43.838Z"}
{"level":"notice","message":"Stopping server: socket","timestamp":"actionhero-worker-5 @ 2018-02-23T14:01:44.311Z"}
{"level":"notice","message":"Stopping server: web","timestamp":"actionhero-worker-5 @ 2018-02-23T14:01:44.311Z"}
{"level":"notice","message":"Stopping server: websocket","timestamp":"actionhero-worker-5 @ 2018-02-23T14:01:44.312Z"}
{"level":"info","message":"I stopped jwtauth","timestamp":"actionhero-worker-5 @ 2018-02-23T14:01:44.312Z"}
