{"level":"notice","message":"*** Starting ActionHero ***","timestamp":"actionhero-worker-6 @ 2018-02-23T14:00:05.973Z"}
{"level":"notice","message":"environment: development","timestamp":"actionhero-worker-6 @ 2018-02-23T14:00:05.974Z"}
{"level":"notice","message":"pid: 3240","timestamp":"actionhero-worker-6 @ 2018-02-23T14:00:05.978Z"}
{"level":"notice","message":"server ID: actionhero-worker-6","timestamp":"actionhero-worker-6 @ 2018-02-23T14:00:05.978Z"}
{"level":"info","message":"actionhero member actionhero-worker-6 has joined the cluster","timestamp":"actionhero-worker-6 @ 2018-02-23T14:00:05.982Z"}
{"level":"info","message":"resque scheduler started","timestamp":"actionhero-worker-6 @ 2018-02-23T14:00:05.987Z"}
{"level":"notice","message":"Starting server: `socket` @ localhost:5000","timestamp":"actionhero-worker-6 @ 2018-02-23T14:00:05.990Z"}
{"level":"notice","message":"Starting server: `web` @ 0.0.0.0:8080","timestamp":"actionhero-worker-6 @ 2018-02-23T14:00:05.997Z"}
{"level":"notice","message":"Starting server: `websocket`","timestamp":"actionhero-worker-6 @ 2018-02-23T14:00:05.999Z"}
{"level":"info","message":"I started jwtauth","timestamp":"actionhero-worker-6 @ 2018-02-23T14:00:06.721Z"}
{"level":"alert","message":"*** ActionHero Started ***","timestamp":"actionhero-worker-6 @ 2018-02-23T14:00:06.721Z"}
{"workerId":1,"level":"info","message":"[ worker ] started","timestamp":"actionhero-worker-6 @ 2018-02-23T14:00:07.768Z"}
{"level":"info","message":"actionhero member actionhero-worker-7 has joined the cluster","timestamp":"actionhero-worker-6 @ 2018-02-23T14:00:07.769Z"}
{"workerId":2,"level":"info","message":"[ worker ] started","timestamp":"actionhero-worker-6 @ 2018-02-23T14:00:08.781Z"}
{"level":"info","message":"actionhero member actionhero-worker-8 has joined the cluster","timestamp":"actionhero-worker-6 @ 2018-02-23T14:00:09.409Z"}
{"level":"info","message":"actionhero member actionhero-worker-8 has left the cluster","timestamp":"actionhero-worker-6 @ 2018-02-23T14:01:42.745Z"}
{"level":"info","message":"actionhero member actionhero-worker-7 has left the cluster","timestamp":"actionhero-worker-6 @ 2018-02-23T14:01:43.268Z"}
{"level":"notice","message":"stopping process...","timestamp":"actionhero-worker-6 @ 2018-02-23T14:01:43.286Z"}
{"level":"info","message":"resque scheduler ended","timestamp":"actionhero-worker-6 @ 2018-02-23T14:01:43.289Z"}
{"workerId":1,"level":"info","message":"[ worker ] ended","timestamp":"actionhero-worker-6 @ 2018-02-23T14:01:43.584Z"}
{"workerId":2,"level":"info","message":"[ worker ] ended","timestamp":"actionhero-worker-6 @ 2018-02-23T14:01:43.584Z"}
{"level":"notice","message":"Stopping server: socket","timestamp":"actionhero-worker-6 @ 2018-02-23T14:01:43.789Z"}
{"level":"notice","message":"Stopping server: web","timestamp":"actionhero-worker-6 @ 2018-02-23T14:01:43.790Z"}
{"level":"notice","message":"Stopping server: websocket","timestamp":"actionhero-worker-6 @ 2018-02-23T14:01:43.790Z"}
{"level":"info","message":"I stopped jwtauth","timestamp":"actionhero-worker-6 @ 2018-02-23T14:01:43.791Z"}
{"level":"alert","message":"*** ActionHero Stopped ***","timestamp":"actionhero-worker-6 @ 2018-02-23T14:01:43.794Z"}
